<?xml version="1.0" encoding="UTF-8"?>
<testng-results skipped="0" failed="1" ignored="0" total="1" passed="0">
  <reporter-output>
  </reporter-output>
  <suite name="Default suite" duration-ms="49894" started-at="2018-10-28T10:10:28Z" finished-at="2018-10-28T10:11:18Z">
    <groups>
    </groups>
    <test name="Default test" duration-ms="49894" started-at="2018-10-28T10:10:28Z" finished-at="2018-10-28T10:11:18Z">
      <class name="SampleTest.SampleTest">
        <test-method status="FAIL" signature="logintest()[pri:0, instance:SampleTest.SampleTest@8bd1b6a]" name="logintest" duration-ms="49846" started-at="2018-10-28T10:10:28Z" finished-at="2018-10-28T10:11:18Z">
          <exception class="org.openqa.selenium.WebDriverException">
            <message>
              <![CDATA[Failed to connect to binary FirefoxBinary(C:\Program Files\Mozilla Firefox\firefox.exe) on port 7055; process output follows: 

1540721434060addons.xpi-utilsDEBUGUpdating add-on states
1540721434061addons.xpi-utilsDEBUGWriting add-ons list
1540721434065addons.xpiDEBUGRegistering manifest for C:\Program Files\Mozilla Firefox\browser\features\e10srollout@mozilla.org.xpi
1540721434067addons.xpiDEBUGCalling bootstrap method startup on e10srollout@mozilla.org version 1.0
1540721434067addons.xpiDEBUGRegistering manifest for C:\Program Files\Mozilla Firefox\browser\features\firefox@getpocket.com.xpi
1540721434069addons.xpiDEBUGCalling bootstrap method startup on firefox@getpocket.com version 1.0.2
1540721434071addons.xpiDEBUGRegistering manifest for C:\Program Files\Mozilla Firefox\browser\features\loop@mozilla.org.xpi
1540721434071addons.xpiDEBUGCalling bootstrap method startup on loop@mozilla.org version 1.3.2
1540721434102addons.managerDEBUGRegistering shutdown blocker for XPIProvider
1540721434102addons.managerDEBUGProvider finished startup: XPIProvider
1540721434102addons.managerDEBUGStarting provider: LightweightThemeManager
1540721434103addons.managerDEBUGRegistering shutdown blocker for LightweightThemeManager
1540721434103addons.managerDEBUGProvider finished startup: LightweightThemeManager
1540721434103addons.managerDEBUGStarting provider: GMPProvider
1540721434112addons.managerDEBUGRegistering shutdown blocker for GMPProvider
1540721434112addons.managerDEBUGProvider finished startup: GMPProvider
1540721434112addons.managerDEBUGStarting provider: PluginProvider
1540721434112addons.managerDEBUGRegistering shutdown blocker for PluginProvider
1540721434112addons.managerDEBUGProvider finished startup: PluginProvider
1540721434113addons.managerDEBUGCompleted startup sequence
[GFX1]: Potential driver version mismatch ignored due to missing DLLs 0.0.0.0 and 0.0.0.0
1540721436226addons.managerDEBUGStarting provider: <unnamed-provider>
1540721436226addons.managerDEBUGRegistering shutdown blocker for <unnamed-provider>
1540721436226addons.managerDEBUGProvider finished startup: <unnamed-provider>
1540721437133DeferredSave.extensions.jsonDEBUGWrite succeeded
1540721437133addons.xpi-utilsDEBUGXPI Database saved, setting schema version preference to 17
1540721437133DeferredSave.extensions.jsonDEBUGStarting timer
1540721437148addons.repositoryDEBUGNo addons.json found.
1540721437149DeferredSave.addons.jsonDEBUGSave changes
1540721437152DeferredSave.addons.jsonDEBUGStarting timer
1540721437182addons.managerDEBUGStarting provider: PreviousExperimentProvider
1540721437182addons.managerDEBUGRegistering shutdown blocker for PreviousExperimentProvider
1540721437183addons.managerDEBUGProvider finished startup: PreviousExperimentProvider
1540721437187DeferredSave.extensions.jsonDEBUGStarting write
1540721437213DeferredSave.addons.jsonDEBUGStarting write
1540721437220DeferredSave.extensions.jsonDEBUGWrite succeeded
1540721437232DeferredSave.addons.jsonDEBUGWrite succeeded
1540721452559addons.xpiDEBUGCalling bootstrap method shutdown on e10srollout@mozilla.org version 1.0
1540721452560addons.xpiDEBUGCalling bootstrap method shutdown on firefox@getpocket.com version 1.0.2
1540721452561addons.xpiDEBUGCalling bootstrap method shutdown on loop@mozilla.org version 1.3.2
1540721453021addons.managerDEBUGshutdown
1540721453023addons.managerDEBUGCalling shutdown blocker for XPIProvider
1540721453024addons.xpiDEBUGshutdown
1540721453024addons.xpi-utilsDEBUGshutdown
1540721453026addons.managerDEBUGCalling shutdown blocker for LightweightThemeManager
1540721453027addons.managerDEBUGCalling shutdown blocker for GMPProvider
1540721453035addons.managerDEBUGCalling shutdown blocker for PluginProvider
1540721453038addons.managerDEBUGCalling shutdown blocker for <unnamed-provider>
1540721453047addons.managerDEBUGCalling shutdown blocker for PreviousExperimentProvider
1540721453060addons.xpiDEBUGNotifying XPI shutdown observers
1540721453079addons.managerDEBUGAsync provider shutdown done

Build info: version: '2.53.0', revision: '35ae25b1534ae328c771e0856c93e187490ca824', time: '2016-03-15 10:43:46'
System info: host: 'DESKTOP-CL8J13V', ip: '192.168.1.40', os.name: 'Windows 10', os.arch: 'amd64', os.version: '10.0', java.version: '1.8.0_171'
Driver info: driver.version: FirefoxDriver]]>
            </message>
            <full-stacktrace>
              <![CDATA[org.openqa.selenium.WebDriverException: Failed to connect to binary FirefoxBinary(C:\Program Files\Mozilla Firefox\firefox.exe) on port 7055; process output follows: 

1540721434060addons.xpi-utilsDEBUGUpdating add-on states
1540721434061addons.xpi-utilsDEBUGWriting add-ons list
1540721434065addons.xpiDEBUGRegistering manifest for C:\Program Files\Mozilla Firefox\browser\features\e10srollout@mozilla.org.xpi
1540721434067addons.xpiDEBUGCalling bootstrap method startup on e10srollout@mozilla.org version 1.0
1540721434067addons.xpiDEBUGRegistering manifest for C:\Program Files\Mozilla Firefox\browser\features\firefox@getpocket.com.xpi
1540721434069addons.xpiDEBUGCalling bootstrap method startup on firefox@getpocket.com version 1.0.2
1540721434071addons.xpiDEBUGRegistering manifest for C:\Program Files\Mozilla Firefox\browser\features\loop@mozilla.org.xpi
1540721434071addons.xpiDEBUGCalling bootstrap method startup on loop@mozilla.org version 1.3.2
1540721434102addons.managerDEBUGRegistering shutdown blocker for XPIProvider
1540721434102addons.managerDEBUGProvider finished startup: XPIProvider
1540721434102addons.managerDEBUGStarting provider: LightweightThemeManager
1540721434103addons.managerDEBUGRegistering shutdown blocker for LightweightThemeManager
1540721434103addons.managerDEBUGProvider finished startup: LightweightThemeManager
1540721434103addons.managerDEBUGStarting provider: GMPProvider
1540721434112addons.managerDEBUGRegistering shutdown blocker for GMPProvider
1540721434112addons.managerDEBUGProvider finished startup: GMPProvider
1540721434112addons.managerDEBUGStarting provider: PluginProvider
1540721434112addons.managerDEBUGRegistering shutdown blocker for PluginProvider
1540721434112addons.managerDEBUGProvider finished startup: PluginProvider
1540721434113addons.managerDEBUGCompleted startup sequence
[GFX1]: Potential driver version mismatch ignored due to missing DLLs 0.0.0.0 and 0.0.0.0
1540721436226addons.managerDEBUGStarting provider: <unnamed-provider>
1540721436226addons.managerDEBUGRegistering shutdown blocker for <unnamed-provider>
1540721436226addons.managerDEBUGProvider finished startup: <unnamed-provider>
1540721437133DeferredSave.extensions.jsonDEBUGWrite succeeded
1540721437133addons.xpi-utilsDEBUGXPI Database saved, setting schema version preference to 17
1540721437133DeferredSave.extensions.jsonDEBUGStarting timer
1540721437148addons.repositoryDEBUGNo addons.json found.
1540721437149DeferredSave.addons.jsonDEBUGSave changes
1540721437152DeferredSave.addons.jsonDEBUGStarting timer
1540721437182addons.managerDEBUGStarting provider: PreviousExperimentProvider
1540721437182addons.managerDEBUGRegistering shutdown blocker for PreviousExperimentProvider
1540721437183addons.managerDEBUGProvider finished startup: PreviousExperimentProvider
1540721437187DeferredSave.extensions.jsonDEBUGStarting write
1540721437213DeferredSave.addons.jsonDEBUGStarting write
1540721437220DeferredSave.extensions.jsonDEBUGWrite succeeded
1540721437232DeferredSave.addons.jsonDEBUGWrite succeeded
1540721452559addons.xpiDEBUGCalling bootstrap method shutdown on e10srollout@mozilla.org version 1.0
1540721452560addons.xpiDEBUGCalling bootstrap method shutdown on firefox@getpocket.com version 1.0.2
1540721452561addons.xpiDEBUGCalling bootstrap method shutdown on loop@mozilla.org version 1.3.2
1540721453021addons.managerDEBUGshutdown
1540721453023addons.managerDEBUGCalling shutdown blocker for XPIProvider
1540721453024addons.xpiDEBUGshutdown
1540721453024addons.xpi-utilsDEBUGshutdown
1540721453026addons.managerDEBUGCalling shutdown blocker for LightweightThemeManager
1540721453027addons.managerDEBUGCalling shutdown blocker for GMPProvider
1540721453035addons.managerDEBUGCalling shutdown blocker for PluginProvider
1540721453038addons.managerDEBUGCalling shutdown blocker for <unnamed-provider>
1540721453047addons.managerDEBUGCalling shutdown blocker for PreviousExperimentProvider
1540721453060addons.xpiDEBUGNotifying XPI shutdown observers
1540721453079addons.managerDEBUGAsync provider shutdown done

Build info: version: '2.53.0', revision: '35ae25b1534ae328c771e0856c93e187490ca824', time: '2016-03-15 10:43:46'
System info: host: 'DESKTOP-CL8J13V', ip: '192.168.1.40', os.name: 'Windows 10', os.arch: 'amd64', os.version: '10.0', java.version: '1.8.0_171'
Driver info: driver.version: FirefoxDriver
at org.openqa.selenium.firefox.internal.NewProfileExtensionConnection.start(NewProfileExtensionConnection.java:125)
at org.openqa.selenium.firefox.FirefoxDriver.startClient(FirefoxDriver.java:271)
at org.openqa.selenium.remote.RemoteWebDriver.<init>(RemoteWebDriver.java:119)
at org.openqa.selenium.firefox.FirefoxDriver.<init>(FirefoxDriver.java:216)
at org.openqa.selenium.firefox.FirefoxDriver.<init>(FirefoxDriver.java:211)
at org.openqa.selenium.firefox.FirefoxDriver.<init>(FirefoxDriver.java:207)
at org.openqa.selenium.firefox.FirefoxDriver.<init>(FirefoxDriver.java:120)
at SampleTest.SampleTest.logintest(SampleTest.java:18)
at sun.reflect.NativeMethodAccessorImpl.invoke0(Native Method)
at sun.reflect.NativeMethodAccessorImpl.invoke(Unknown Source)
at sun.reflect.DelegatingMethodAccessorImpl.invoke(Unknown Source)
at java.lang.reflect.Method.invoke(Unknown Source)
at org.testng.internal.MethodInvocationHelper.invokeMethod(MethodInvocationHelper.java:124)
at org.testng.internal.Invoker.invokeMethod(Invoker.java:580)
at org.testng.internal.Invoker.invokeTestMethod(Invoker.java:716)
at org.testng.internal.Invoker.invokeTestMethods(Invoker.java:988)
at org.testng.internal.TestMethodWorker.invokeTestMethods(TestMethodWorker.java:125)
at org.testng.internal.TestMethodWorker.run(TestMethodWorker.java:109)
at org.testng.TestRunner.privateRun(TestRunner.java:648)
at org.testng.TestRunner.run(TestRunner.java:505)
at org.testng.SuiteRunner.runTest(SuiteRunner.java:455)
at org.testng.SuiteRunner.runSequentially(SuiteRunner.java:450)
at org.testng.SuiteRunner.privateRun(SuiteRunner.java:415)
at org.testng.SuiteRunner.run(SuiteRunner.java:364)
at org.testng.SuiteRunnerWorker.runSuite(SuiteRunnerWorker.java:52)
at org.testng.SuiteRunnerWorker.run(SuiteRunnerWorker.java:84)
at org.testng.TestNG.runSuitesSequentially(TestNG.java:1208)
at org.testng.TestNG.runSuitesLocally(TestNG.java:1137)
at org.testng.TestNG.runSuites(TestNG.java:1049)
at org.testng.TestNG.run(TestNG.java:1017)
at org.testng.remote.AbstractRemoteTestNG.run(AbstractRemoteTestNG.java:114)
at org.testng.remote.RemoteTestNG.initAndRun(RemoteTestNG.java:251)
at org.testng.remote.RemoteTestNG.main(RemoteTestNG.java:77)
Caused by: org.openqa.selenium.firefox.NotConnectedException: Unable to connect to host 127.0.0.1 on port 7055 after 45000 ms. Firefox console output:

1540721434060addons.xpi-utilsDEBUGUpdating add-on states
1540721434061addons.xpi-utilsDEBUGWriting add-ons list
1540721434065addons.xpiDEBUGRegistering manifest for C:\Program Files\Mozilla Firefox\browser\features\e10srollout@mozilla.org.xpi
1540721434067addons.xpiDEBUGCalling bootstrap method startup on e10srollout@mozilla.org version 1.0
1540721434067addons.xpiDEBUGRegistering manifest for C:\Program Files\Mozilla Firefox\browser\features\firefox@getpocket.com.xpi
1540721434069addons.xpiDEBUGCalling bootstrap method startup on firefox@getpocket.com version 1.0.2
1540721434071addons.xpiDEBUGRegistering manifest for C:\Program Files\Mozilla Firefox\browser\features\loop@mozilla.org.xpi
1540721434071addons.xpiDEBUGCalling bootstrap method startup on loop@mozilla.org version 1.3.2
1540721434102addons.managerDEBUGRegistering shutdown blocker for XPIProvider
1540721434102addons.managerDEBUGProvider finished startup: XPIProvider
1540721434102addons.managerDEBUGStarting provider: LightweightThemeManager
1540721434103addons.managerDEBUGRegistering shutdown blocker for LightweightThemeManager
1540721434103addons.managerDEBUGProvider finished startup: LightweightThemeManager
1540721434103addons.managerDEBUGStarting provider: GMPProvider
1540721434112addons.managerDEBUGRegistering shutdown blocker for GMPProvider
1540721434112addons.managerDEBUGProvider finished startup: GMPProvider
1540721434112addons.managerDEBUGStarting provider: PluginProvider
1540721434112addons.managerDEBUGRegistering shutdown blocker for PluginProvider
1540721434112addons.managerDEBUGProvider finished startup: PluginProvider
1540721434113addons.managerDEBUGCompleted startup sequence
[GFX1]: Potential driver version mismatch ignored due to missing DLLs 0.0.0.0 and 0.0.0.0
1540721436226addons.managerDEBUGStarting provider: <unnamed-provider>
1540721436226addons.managerDEBUGRegistering shutdown blocker for <unnamed-provider>
1540721436226addons.managerDEBUGProvider finished startup: <unnamed-provider>
1540721437133DeferredSave.extensions.jsonDEBUGWrite succeeded
1540721437133addons.xpi-utilsDEBUGXPI Database saved, setting schema version preference to 17
1540721437133DeferredSave.extensions.jsonDEBUGStarting timer
1540721437148addons.repositoryDEBUGNo addons.json found.
1540721437149DeferredSave.addons.jsonDEBUGSave changes
1540721437152DeferredSave.addons.jsonDEBUGStarting timer
1540721437182addons.managerDEBUGStarting provider: PreviousExperimentProvider
1540721437182addons.managerDEBUGRegistering shutdown blocker for PreviousExperimentProvider
1540721437183addons.managerDEBUGProvider finished startup: PreviousExperimentProvider
1540721437187DeferredSave.extensions.jsonDEBUGStarting write
1540721437213DeferredSave.addons.jsonDEBUGStarting write
1540721437220DeferredSave.extensions.jsonDEBUGWrite succeeded
1540721437232DeferredSave.addons.jsonDEBUGWrite succeeded
1540721452559addons.xpiDEBUGCalling bootstrap method shutdown on e10srollout@mozilla.org version 1.0
1540721452560addons.xpiDEBUGCalling bootstrap method shutdown on firefox@getpocket.com version 1.0.2
1540721452561addons.xpiDEBUGCalling bootstrap method shutdown on loop@mozilla.org version 1.3.2
1540721453021addons.managerDEBUGshutdown
1540721453023addons.managerDEBUGCalling shutdown blocker for XPIProvider
1540721453024addons.xpiDEBUGshutdown
1540721453024addons.xpi-utilsDEBUGshutdown
1540721453026addons.managerDEBUGCalling shutdown blocker for LightweightThemeManager
1540721453027addons.managerDEBUGCalling shutdown blocker for GMPProvider
1540721453035addons.managerDEBUGCalling shutdown blocker for PluginProvider
1540721453038addons.managerDEBUGCalling shutdown blocker for <unnamed-provider>
1540721453047addons.managerDEBUGCalling shutdown blocker for PreviousExperimentProvider
1540721453060addons.xpiDEBUGNotifying XPI shutdown observers
1540721453079addons.managerDEBUGAsync provider shutdown done

at org.openqa.selenium.firefox.internal.NewProfileExtensionConnection.start(NewProfileExtensionConnection.java:113)
... 32 more
]]>
            </full-stacktrace>
          </exception> <!-- org.openqa.selenium.WebDriverException -->
          <reporter-output>
          </reporter-output>
        </test-method> <!-- logintest -->
      </class> <!-- SampleTest.SampleTest -->
    </test> <!-- Default test -->
  </suite> <!-- Default suite -->
</testng-results>
